2020-09-20 11:49:17,217 [Worker-8: Loading available Gradle versions] INFO  o.e.b.c.i.u.g.PublishedGradleVersions - Gradle version information cache is up-to-date. Trying to read.
2020-09-20 11:58:06,282 [Worker-8: Loading available Gradle versions] INFO  o.e.b.c.i.u.g.PublishedGradleVersions - Gradle version information cache is up-to-date. Trying to read.
2020-09-20 11:59:43,117 [Worker-12: 入門コンテンツのインポート] INFO  o.e.m.c.i.l.LifecycleMappingFactory - Using org.eclipse.m2e.jdt.JarLifecycleMapping lifecycle mapping for MavenProject: com.example:demo:0.0.1-SNAPSHOT @ /Users/uedayuusuke/Documents/workspace-spring-tool-suite-4-4.8.0.RELEASE/demo/pom.xml.
2020-09-20 11:59:44,075 [Worker-12: 入門コンテンツのインポート] INFO  o.e.m.j.i.AbstractJavaProjectConfigurator - Adding source folder /demo/src/main/java
2020-09-20 11:59:44,077 [Worker-12: 入門コンテンツのインポート] INFO  o.e.m.j.i.AbstractJavaProjectConfigurator - Adding resource folder /demo/src/main/resources
2020-09-20 11:59:44,086 [Worker-12: 入門コンテンツのインポート] INFO  o.e.m.j.i.AbstractJavaProjectConfigurator - Adding resource folder /demo/src/main/resources
2020-09-20 11:59:44,096 [Worker-12: 入門コンテンツのインポート] INFO  o.e.m.j.i.AbstractJavaProjectConfigurator - Adding source folder /demo/src/test/java
2020-09-20 11:59:45,615 [Worker-12: 入門コンテンツのインポート] INFO  o.e.m.c.i.p.ProjectConfigurationManager - Imported and configured 1 project(s) in 3 sec
2020-09-20 11:59:45,618 [Worker-12: 入門コンテンツのインポート] INFO  o.e.m.c.i.p.ProjectConfigurationManager - Update started
2020-09-20 11:59:46,155 [Worker-12: 入門コンテンツのインポート] INFO  o.e.m.c.i.l.LifecycleMappingFactory - Using org.eclipse.m2e.jdt.JarLifecycleMapping lifecycle mapping for MavenProject: com.example:demo:0.0.1-SNAPSHOT @ /Users/uedayuusuke/Documents/workspace-spring-tool-suite-4-4.8.0.RELEASE/demo/pom.xml.
2020-09-20 11:59:46,524 [Worker-12: 入門コンテンツのインポート] INFO  o.e.m.j.i.AbstractJavaProjectConfigurator - Adding source folder /demo/src/main/java
2020-09-20 11:59:46,524 [Worker-12: 入門コンテンツのインポート] INFO  o.e.m.j.i.AbstractJavaProjectConfigurator - Adding resource folder /demo/src/main/resources
2020-09-20 11:59:46,525 [Worker-12: 入門コンテンツのインポート] INFO  o.e.m.j.i.AbstractJavaProjectConfigurator - Adding resource folder /demo/src/main/resources
2020-09-20 11:59:46,525 [Worker-12: 入門コンテンツのインポート] INFO  o.e.m.j.i.AbstractJavaProjectConfigurator - Adding source folder /demo/src/test/java
2020-09-20 11:59:47,515 [Worker-12: 入門コンテンツのインポート] INFO  o.e.m.c.i.p.ProjectConfigurationManager - Update completed: 1 sec
2020-09-20 11:59:48,127 [Worker-12: ビルド] INFO  o.e.m.c.i.embedder.EclipseLogger - Using 'UTF-8' encoding to copy filtered resources.
2020-09-20 11:59:48,130 [Worker-12: ビルド] INFO  o.e.m.c.i.embedder.EclipseLogger - Copying 1 resource
2020-09-20 11:59:48,146 [Worker-12: ビルド] INFO  o.e.m.c.i.embedder.EclipseLogger - Copying 0 resource
2020-09-20 11:59:48,150 [Worker-12: ビルド] INFO  o.e.m.c.i.embedder.EclipseLogger - Using 'UTF-8' encoding to copy filtered resources.
2020-09-20 11:59:48,150 [Worker-12: ビルド] INFO  o.e.m.c.i.embedder.EclipseLogger - skip non existing resourceDirectory /Users/uedayuusuke/Documents/workspace-spring-tool-suite-4-4.8.0.RELEASE/demo/src/test/resources
2020-09-20 12:04:19,309 [Worker-7: ビルド] INFO  o.e.m.c.i.embedder.EclipseLogger - Using 'UTF-8' encoding to copy filtered resources.
2020-09-20 12:04:19,312 [Worker-7: ビルド] INFO  o.e.m.c.i.embedder.EclipseLogger - Copying 1 resource
2020-09-20 12:04:19,313 [Worker-7: ビルド] INFO  o.e.m.c.i.embedder.EclipseLogger - Copying 0 resource
2020-09-20 12:04:19,327 [Worker-7: ビルド] INFO  o.e.m.c.i.embedder.EclipseLogger - Using 'UTF-8' encoding to copy filtered resources.
2020-09-20 12:04:19,328 [Worker-7: ビルド] INFO  o.e.m.c.i.embedder.EclipseLogger - skip non existing resourceDirectory /Users/uedayuusuke/Documents/workspace-spring-tool-suite-4-4.8.0.RELEASE/demo/src/test/resources
2020-09-20 12:04:23,821 [Worker-15: ビルド] INFO  o.e.m.c.i.embedder.EclipseLogger - Using 'UTF-8' encoding to copy filtered resources.
2020-09-20 12:04:23,821 [Worker-15: ビルド] INFO  o.e.m.c.i.embedder.EclipseLogger - Copying 0 resource
2020-09-20 12:04:23,821 [Worker-15: ビルド] INFO  o.e.m.c.i.embedder.EclipseLogger - Copying 0 resource
2020-09-20 12:04:23,823 [Worker-15: ビルド] INFO  o.e.m.c.i.embedder.EclipseLogger - Using 'UTF-8' encoding to copy filtered resources.
2020-09-20 12:04:23,823 [Worker-15: ビルド] INFO  o.e.m.c.i.embedder.EclipseLogger - skip non existing resourceDirectory /Users/uedayuusuke/Documents/workspace-spring-tool-suite-4-4.8.0.RELEASE/demo/src/test/resources
2020-09-20 12:05:31,899 [Worker-16: ビルド] INFO  o.e.m.c.i.embedder.EclipseLogger - Using 'UTF-8' encoding to copy filtered resources.
2020-09-20 12:05:31,900 [Worker-16: ビルド] INFO  o.e.m.c.i.embedder.EclipseLogger - Copying 1 resource
2020-09-20 12:05:31,901 [Worker-16: ビルド] INFO  o.e.m.c.i.embedder.EclipseLogger - Copying 0 resource
2020-09-20 12:05:31,903 [Worker-16: ビルド] INFO  o.e.m.c.i.embedder.EclipseLogger - Using 'UTF-8' encoding to copy filtered resources.
2020-09-20 12:05:31,903 [Worker-16: ビルド] INFO  o.e.m.c.i.embedder.EclipseLogger - skip non existing resourceDirectory /Users/uedayuusuke/Documents/workspace-spring-tool-suite-4-4.8.0.RELEASE/demo/src/test/resources
2020-09-20 12:06:43,537 [Worker-16: ビルド] INFO  o.e.m.c.i.embedder.EclipseLogger - Using 'UTF-8' encoding to copy filtered resources.
2020-09-20 12:06:43,537 [Worker-16: ビルド] INFO  o.e.m.c.i.embedder.EclipseLogger - Copying 1 resource
2020-09-20 12:06:43,538 [Worker-16: ビルド] INFO  o.e.m.c.i.embedder.EclipseLogger - Copying 0 resource
2020-09-20 12:06:43,540 [Worker-16: ビルド] INFO  o.e.m.c.i.embedder.EclipseLogger - Using 'UTF-8' encoding to copy filtered resources.
2020-09-20 12:06:43,541 [Worker-16: ビルド] INFO  o.e.m.c.i.embedder.EclipseLogger - skip non existing resourceDirectory /Users/uedayuusuke/Documents/workspace-spring-tool-suite-4-4.8.0.RELEASE/demo/src/test/resources
2020-09-20 12:07:13,491 [Worker-17: ビルド] INFO  o.e.m.c.i.embedder.EclipseLogger - Using 'UTF-8' encoding to copy filtered resources.
2020-09-20 12:07:13,491 [Worker-17: ビルド] INFO  o.e.m.c.i.embedder.EclipseLogger - Copying 1 resource
2020-09-20 12:07:13,492 [Worker-17: ビルド] INFO  o.e.m.c.i.embedder.EclipseLogger - Copying 0 resource
2020-09-20 12:07:13,494 [Worker-17: ビルド] INFO  o.e.m.c.i.embedder.EclipseLogger - Using 'UTF-8' encoding to copy filtered resources.
2020-09-20 12:07:13,494 [Worker-17: ビルド] INFO  o.e.m.c.i.embedder.EclipseLogger - skip non existing resourceDirectory /Users/uedayuusuke/Documents/workspace-spring-tool-suite-4-4.8.0.RELEASE/demo/src/test/resources
2020-09-20 12:07:58,885 [Worker-3: ビルド] INFO  o.e.m.c.i.embedder.EclipseLogger - Using 'UTF-8' encoding to copy filtered resources.
2020-09-20 12:07:58,888 [Worker-3: ビルド] INFO  o.e.m.c.i.embedder.EclipseLogger - Copying 0 resource
2020-09-20 12:07:58,888 [Worker-3: ビルド] INFO  o.e.m.c.i.embedder.EclipseLogger - Copying 1 resource
2020-09-20 12:07:58,892 [Worker-3: ビルド] INFO  o.e.m.c.i.embedder.EclipseLogger - Using 'UTF-8' encoding to copy filtered resources.
2020-09-20 12:07:58,893 [Worker-3: ビルド] INFO  o.e.m.c.i.embedder.EclipseLogger - skip non existing resourceDirectory /Users/uedayuusuke/Documents/workspace-spring-tool-suite-4-4.8.0.RELEASE/demo/src/test/resources
2020-09-20 12:08:18,194 [Worker-3: ビルド] INFO  o.e.m.c.i.embedder.EclipseLogger - Using 'UTF-8' encoding to copy filtered resources.
2020-09-20 12:08:18,195 [Worker-3: ビルド] INFO  o.e.m.c.i.embedder.EclipseLogger - Copying 0 resource
2020-09-20 12:08:18,195 [Worker-3: ビルド] INFO  o.e.m.c.i.embedder.EclipseLogger - Copying 1 resource
2020-09-20 12:08:18,202 [Worker-3: ビルド] INFO  o.e.m.c.i.embedder.EclipseLogger - Using 'UTF-8' encoding to copy filtered resources.
2020-09-20 12:08:18,203 [Worker-3: ビルド] INFO  o.e.m.c.i.embedder.EclipseLogger - skip non existing resourceDirectory /Users/uedayuusuke/Documents/workspace-spring-tool-suite-4-4.8.0.RELEASE/demo/src/test/resources
2020-09-20 12:17:01,044 [Worker-20: ビルド] INFO  o.e.m.c.i.embedder.EclipseLogger - Using 'UTF-8' encoding to copy filtered resources.
2020-09-20 12:17:01,044 [Worker-20: ビルド] INFO  o.e.m.c.i.embedder.EclipseLogger - Copying 1 resource
2020-09-20 12:17:01,045 [Worker-20: ビルド] INFO  o.e.m.c.i.embedder.EclipseLogger - Copying 0 resource
2020-09-20 12:17:01,047 [Worker-20: ビルド] INFO  o.e.m.c.i.embedder.EclipseLogger - Using 'UTF-8' encoding to copy filtered resources.
2020-09-20 12:17:01,047 [Worker-20: ビルド] INFO  o.e.m.c.i.embedder.EclipseLogger - skip non existing resourceDirectory /Users/uedayuusuke/Documents/workspace-spring-tool-suite-4-4.8.0.RELEASE/demo/src/test/resources
2020-09-20 12:18:19,717 [Worker-24: ビルド] INFO  o.e.m.c.i.embedder.EclipseLogger - Using 'UTF-8' encoding to copy filtered resources.
2020-09-20 12:18:19,718 [Worker-24: ビルド] INFO  o.e.m.c.i.embedder.EclipseLogger - Copying 1 resource
2020-09-20 12:18:19,719 [Worker-24: ビルド] INFO  o.e.m.c.i.embedder.EclipseLogger - Copying 0 resource
2020-09-20 12:18:19,724 [Worker-24: ビルド] INFO  o.e.m.c.i.embedder.EclipseLogger - Using 'UTF-8' encoding to copy filtered resources.
2020-09-20 12:18:19,724 [Worker-24: ビルド] INFO  o.e.m.c.i.embedder.EclipseLogger - skip non existing resourceDirectory /Users/uedayuusuke/Documents/workspace-spring-tool-suite-4-4.8.0.RELEASE/demo/src/test/resources
2020-09-20 12:19:02,445 [Worker-23: ビルド] INFO  o.e.m.c.i.embedder.EclipseLogger - Using 'UTF-8' encoding to copy filtered resources.
2020-09-20 12:19:02,446 [Worker-23: ビルド] INFO  o.e.m.c.i.embedder.EclipseLogger - Copying 0 resource
2020-09-20 12:19:02,446 [Worker-23: ビルド] INFO  o.e.m.c.i.embedder.EclipseLogger - Copying 1 resource
2020-09-20 12:19:02,448 [Worker-23: ビルド] INFO  o.e.m.c.i.embedder.EclipseLogger - Using 'UTF-8' encoding to copy filtered resources.
2020-09-20 12:19:02,448 [Worker-23: ビルド] INFO  o.e.m.c.i.embedder.EclipseLogger - skip non existing resourceDirectory /Users/uedayuusuke/Documents/workspace-spring-tool-suite-4-4.8.0.RELEASE/demo/src/test/resources
2020-09-21 18:02:08,038 [Worker-6: Loading available Gradle versions] INFO  o.e.b.c.i.u.g.PublishedGradleVersions - Gradle version information cache is out-of-date. Trying to update.
2020-09-21 18:08:59,594 [Worker-23: ビルド] INFO  o.e.m.c.i.embedder.EclipseLogger - Using 'UTF-8' encoding to copy filtered resources.
2020-09-21 18:08:59,597 [Worker-23: ビルド] INFO  o.e.m.c.i.embedder.EclipseLogger - Copying 1 resource
2020-09-21 18:08:59,609 [Worker-23: ビルド] INFO  o.e.m.c.i.embedder.EclipseLogger - Copying 1 resource
2020-09-21 18:08:59,612 [Worker-23: ビルド] INFO  o.e.m.c.i.embedder.EclipseLogger - Using 'UTF-8' encoding to copy filtered resources.
2020-09-21 18:08:59,612 [Worker-23: ビルド] INFO  o.e.m.c.i.embedder.EclipseLogger - skip non existing resourceDirectory /Users/uedayuusuke/Documents/workspace-spring-tool-suite-4-4.8.0.RELEASE/demo/src/test/resources
2020-09-21 18:11:58,919 [Worker-30: ビルド] INFO  o.e.m.c.i.embedder.EclipseLogger - Using 'UTF-8' encoding to copy filtered resources.
2020-09-21 18:11:58,922 [Worker-30: ビルド] INFO  o.e.m.c.i.embedder.EclipseLogger - Copying 1 resource
2020-09-21 18:11:58,923 [Worker-30: ビルド] INFO  o.e.m.c.i.embedder.EclipseLogger - Copying 0 resource
2020-09-21 18:11:58,926 [Worker-30: ビルド] INFO  o.e.m.c.i.embedder.EclipseLogger - Using 'UTF-8' encoding to copy filtered resources.
2020-09-21 18:11:58,926 [Worker-30: ビルド] INFO  o.e.m.c.i.embedder.EclipseLogger - skip non existing resourceDirectory /Users/uedayuusuke/Documents/workspace-spring-tool-suite-4-4.8.0.RELEASE/demo/src/test/resources
2020-09-21 18:14:02,217 [Worker-26: ビルド] INFO  o.e.m.c.i.embedder.EclipseLogger - Using 'UTF-8' encoding to copy filtered resources.
2020-09-21 18:14:02,217 [Worker-26: ビルド] INFO  o.e.m.c.i.embedder.EclipseLogger - Copying 1 resource
2020-09-21 18:14:02,218 [Worker-26: ビルド] INFO  o.e.m.c.i.embedder.EclipseLogger - Copying 0 resource
2020-09-21 18:14:02,219 [Worker-26: ビルド] INFO  o.e.m.c.i.embedder.EclipseLogger - Using 'UTF-8' encoding to copy filtered resources.
2020-09-21 18:14:02,219 [Worker-26: ビルド] INFO  o.e.m.c.i.embedder.EclipseLogger - skip non existing resourceDirectory /Users/uedayuusuke/Documents/workspace-spring-tool-suite-4-4.8.0.RELEASE/demo/src/test/resources
2020-09-21 18:14:48,079 [Worker-26: ビルド] INFO  o.e.m.c.i.embedder.EclipseLogger - Using 'UTF-8' encoding to copy filtered resources.
2020-09-21 18:14:48,079 [Worker-26: ビルド] INFO  o.e.m.c.i.embedder.EclipseLogger - Copying 0 resource
2020-09-21 18:14:48,080 [Worker-26: ビルド] INFO  o.e.m.c.i.embedder.EclipseLogger - Copying 1 resource
2020-09-21 18:14:48,089 [Worker-26: ビルド] INFO  o.e.m.c.i.embedder.EclipseLogger - Using 'UTF-8' encoding to copy filtered resources.
2020-09-21 18:14:48,090 [Worker-26: ビルド] INFO  o.e.m.c.i.embedder.EclipseLogger - skip non existing resourceDirectory /Users/uedayuusuke/Documents/workspace-spring-tool-suite-4-4.8.0.RELEASE/demo/src/test/resources
2020-09-21 18:15:07,277 [Worker-29: ビルド] INFO  o.e.m.c.i.embedder.EclipseLogger - Using 'UTF-8' encoding to copy filtered resources.
2020-09-21 18:15:07,278 [Worker-29: ビルド] INFO  o.e.m.c.i.embedder.EclipseLogger - Copying 0 resource
2020-09-21 18:15:07,278 [Worker-29: ビルド] INFO  o.e.m.c.i.embedder.EclipseLogger - Copying 1 resource
2020-09-21 18:15:07,281 [Worker-29: ビルド] INFO  o.e.m.c.i.embedder.EclipseLogger - Using 'UTF-8' encoding to copy filtered resources.
2020-09-21 18:15:07,281 [Worker-29: ビルド] INFO  o.e.m.c.i.embedder.EclipseLogger - skip non existing resourceDirectory /Users/uedayuusuke/Documents/workspace-spring-tool-suite-4-4.8.0.RELEASE/demo/src/test/resources
2020-09-21 18:21:04,611 [Worker-24: Executing install in _Users_uedayuusuke_Documents_workspace-spring-tool-suite-4-4.8.0.RELEASE_demo の起動] INFO  o.e.m.i.launch.MavenLaunchDelegate - /Users/uedayuusuke/Documents/workspace-spring-tool-suite-4-4.8.0.RELEASE/demo
2020-09-21 18:21:04,614 [Worker-24: Executing install in _Users_uedayuusuke_Documents_workspace-spring-tool-suite-4-4.8.0.RELEASE_demo の起動] INFO  o.e.m.i.launch.MavenLaunchDelegate -  mvn -Ppom.xml -B install -Dstyle.color=always
2020-09-21 18:22:45,934 [Worker-37: Executing clean in _Users_uedayuusuke_Documents_workspace-spring-tool-suite-4-4.8.0.RELEASE_demo の起動] INFO  o.e.m.i.launch.MavenLaunchDelegate - /Users/uedayuusuke/Documents/workspace-spring-tool-suite-4-4.8.0.RELEASE/demo
2020-09-21 18:22:45,935 [Worker-37: Executing clean in _Users_uedayuusuke_Documents_workspace-spring-tool-suite-4-4.8.0.RELEASE_demo の起動] INFO  o.e.m.i.launch.MavenLaunchDelegate -  mvn -Ppom.xml -B clean -Dstyle.color=always
2020-09-21 18:22:51,187 [Worker-29: ビルド] INFO  o.e.m.c.i.embedder.EclipseLogger - Using 'UTF-8' encoding to copy filtered resources.
2020-09-21 18:22:51,188 [Worker-29: ビルド] INFO  o.e.m.c.i.embedder.EclipseLogger - Copying 1 resource
2020-09-21 18:22:51,189 [Worker-29: ビルド] INFO  o.e.m.c.i.embedder.EclipseLogger - Copying 1 resource
2020-09-21 18:22:51,191 [Worker-29: ビルド] INFO  o.e.m.c.i.embedder.EclipseLogger - Using 'UTF-8' encoding to copy filtered resources.
2020-09-21 18:22:51,191 [Worker-29: ビルド] INFO  o.e.m.c.i.embedder.EclipseLogger - skip non existing resourceDirectory /Users/uedayuusuke/Documents/workspace-spring-tool-suite-4-4.8.0.RELEASE/demo/src/test/resources
2020-09-21 18:23:06,125 [Worker-29: Executing install in _Users_uedayuusuke_Documents_workspace-spring-tool-suite-4-4.8.0.RELEASE_demo の起動] INFO  o.e.m.i.launch.MavenLaunchDelegate - /Users/uedayuusuke/Documents/workspace-spring-tool-suite-4-4.8.0.RELEASE/demo
2020-09-21 18:23:06,125 [Worker-29: Executing install in _Users_uedayuusuke_Documents_workspace-spring-tool-suite-4-4.8.0.RELEASE_demo の起動] INFO  o.e.m.i.launch.MavenLaunchDelegate -  mvn -Ppom.xml -B install -Dstyle.color=always
2020-09-21 18:23:14,312 [Worker-36: ビルド] INFO  o.e.m.c.i.embedder.EclipseLogger - Using 'UTF-8' encoding to copy filtered resources.
2020-09-21 18:23:14,313 [Worker-36: ビルド] INFO  o.e.m.c.i.embedder.EclipseLogger - Copying 1 resource
2020-09-21 18:23:14,314 [Worker-36: ビルド] INFO  o.e.m.c.i.embedder.EclipseLogger - Copying 1 resource
2020-09-21 18:23:14,317 [Worker-36: ビルド] INFO  o.e.m.c.i.embedder.EclipseLogger - Using 'UTF-8' encoding to copy filtered resources.
2020-09-21 18:23:14,317 [Worker-36: ビルド] INFO  o.e.m.c.i.embedder.EclipseLogger - skip non existing resourceDirectory /Users/uedayuusuke/Documents/workspace-spring-tool-suite-4-4.8.0.RELEASE/demo/src/test/resources
2020-09-21 18:50:00,382 [Worker-47: 入門コンテンツのインポート] INFO  o.e.m.c.i.l.LifecycleMappingFactory - Using org.eclipse.m2e.jdt.JarLifecycleMapping lifecycle mapping for MavenProject: com.example:NoDI:0.0.1-SNAPSHOT @ /Users/uedayuusuke/Documents/workspace-spring-tool-suite-4-4.8.0.RELEASE/NoDI/pom.xml.
2020-09-21 18:50:00,696 [Worker-47: 入門コンテンツのインポート] INFO  o.e.m.j.i.AbstractJavaProjectConfigurator - Adding source folder /NoDI/src/main/java
2020-09-21 18:50:00,697 [Worker-47: 入門コンテンツのインポート] INFO  o.e.m.j.i.AbstractJavaProjectConfigurator - Adding resource folder /NoDI/src/main/resources
2020-09-21 18:50:00,704 [Worker-47: 入門コンテンツのインポート] INFO  o.e.m.j.i.AbstractJavaProjectConfigurator - Adding resource folder /NoDI/src/main/resources
2020-09-21 18:50:00,710 [Worker-47: 入門コンテンツのインポート] INFO  o.e.m.j.i.AbstractJavaProjectConfigurator - Adding source folder /NoDI/src/test/java
2020-09-21 18:50:00,934 [Worker-47: 入門コンテンツのインポート] INFO  o.e.m.c.i.p.ProjectConfigurationManager - Imported and configured 1 project(s) in 1 sec
2020-09-21 18:50:00,937 [Worker-47: 入門コンテンツのインポート] INFO  o.e.m.c.i.p.ProjectConfigurationManager - Update started
2020-09-21 18:50:01,476 [Worker-47: 入門コンテンツのインポート] INFO  o.e.m.c.i.l.LifecycleMappingFactory - Using org.eclipse.m2e.jdt.JarLifecycleMapping lifecycle mapping for MavenProject: com.example:NoDI:0.0.1-SNAPSHOT @ /Users/uedayuusuke/Documents/workspace-spring-tool-suite-4-4.8.0.RELEASE/NoDI/pom.xml.
2020-09-21 18:50:01,724 [Worker-47: 入門コンテンツのインポート] INFO  o.e.m.j.i.AbstractJavaProjectConfigurator - Adding source folder /NoDI/src/main/java
2020-09-21 18:50:01,724 [Worker-47: 入門コンテンツのインポート] INFO  o.e.m.j.i.AbstractJavaProjectConfigurator - Adding resource folder /NoDI/src/main/resources
2020-09-21 18:50:01,726 [Worker-47: 入門コンテンツのインポート] INFO  o.e.m.j.i.AbstractJavaProjectConfigurator - Adding resource folder /NoDI/src/main/resources
2020-09-21 18:50:01,732 [Worker-47: 入門コンテンツのインポート] INFO  o.e.m.j.i.AbstractJavaProjectConfigurator - Adding source folder /NoDI/src/test/java
2020-09-21 18:50:01,927 [Worker-47: 入門コンテンツのインポート] INFO  o.e.m.c.i.p.ProjectConfigurationManager - Update completed: 0 sec
2020-09-21 18:50:02,417 [Worker-49: ビルド] INFO  o.e.m.c.i.embedder.EclipseLogger - Using 'UTF-8' encoding to copy filtered resources.
2020-09-21 18:50:02,417 [Worker-49: ビルド] INFO  o.e.m.c.i.embedder.EclipseLogger - Copying 1 resource
2020-09-21 18:50:02,418 [Worker-49: ビルド] INFO  o.e.m.c.i.embedder.EclipseLogger - Copying 0 resource
2020-09-21 18:50:02,422 [Worker-49: ビルド] INFO  o.e.m.c.i.embedder.EclipseLogger - Using 'UTF-8' encoding to copy filtered resources.
2020-09-21 18:50:02,422 [Worker-49: ビルド] INFO  o.e.m.c.i.embedder.EclipseLogger - skip non existing resourceDirectory /Users/uedayuusuke/Documents/workspace-spring-tool-suite-4-4.8.0.RELEASE/NoDI/src/test/resources
2020-09-21 18:50:52,349 [Worker-49: Maven プロジェクトの更新中] INFO  o.e.m.c.i.p.ProjectConfigurationManager - Update started
2020-09-21 18:50:52,838 [Worker-49: Maven プロジェクトの更新中] INFO  o.e.m.c.i.l.LifecycleMappingFactory - Using org.eclipse.m2e.jdt.JarLifecycleMapping lifecycle mapping for MavenProject: com.example:NoDI:0.0.1-SNAPSHOT @ /Users/uedayuusuke/Documents/workspace-spring-tool-suite-4-4.8.0.RELEASE/NoDI/pom.xml.
2020-09-21 18:50:53,058 [Worker-49: Maven プロジェクトの更新中] INFO  o.e.m.j.i.AbstractJavaProjectConfigurator - Adding source folder /NoDI/src/main/java
2020-09-21 18:50:53,058 [Worker-49: Maven プロジェクトの更新中] INFO  o.e.m.j.i.AbstractJavaProjectConfigurator - Adding resource folder /NoDI/src/main/resources
2020-09-21 18:50:53,058 [Worker-49: Maven プロジェクトの更新中] INFO  o.e.m.j.i.AbstractJavaProjectConfigurator - Adding resource folder /NoDI/src/main/resources
2020-09-21 18:50:53,059 [Worker-49: Maven プロジェクトの更新中] INFO  o.e.m.j.i.AbstractJavaProjectConfigurator - Adding source folder /NoDI/src/test/java
2020-09-21 18:50:53,397 [Worker-49: Maven プロジェクトの更新中] INFO  o.e.m.c.i.p.ProjectConfigurationManager - Update completed: 1 sec
2020-09-21 18:50:53,771 [Worker-47: ビルド] INFO  o.e.m.c.i.embedder.EclipseLogger - Using 'UTF-8' encoding to copy filtered resources.
2020-09-21 18:50:53,771 [Worker-47: ビルド] INFO  o.e.m.c.i.embedder.EclipseLogger - Copying 1 resource
2020-09-21 18:50:53,772 [Worker-47: ビルド] INFO  o.e.m.c.i.embedder.EclipseLogger - Copying 0 resource
2020-09-21 18:50:53,774 [Worker-47: ビルド] INFO  o.e.m.c.i.embedder.EclipseLogger - Using 'UTF-8' encoding to copy filtered resources.
2020-09-21 18:50:53,774 [Worker-47: ビルド] INFO  o.e.m.c.i.embedder.EclipseLogger - skip non existing resourceDirectory /Users/uedayuusuke/Documents/workspace-spring-tool-suite-4-4.8.0.RELEASE/NoDI/src/test/resources
2020-09-21 18:56:01,807 [Worker-51: ビルド] INFO  o.e.m.c.i.l.LifecycleMappingFactory - Using org.eclipse.m2e.jdt.JarLifecycleMapping lifecycle mapping for MavenProject: com.example:NoDI:0.0.1-SNAPSHOT @ /Users/uedayuusuke/Documents/workspace-spring-tool-suite-4-4.8.0.RELEASE/NoDI/pom.xml.
2020-09-21 18:56:03,451 [Worker-51: ビルド] INFO  o.e.m.c.i.e.AbstractTransferListenerAdapter - https://repo.maven.apache.org/maven2/org/thymeleaf/thymeleaf-spring5/3.0.11.RELEASE/thymeleaf-spring5-3.0.11.RELEASE.pom のダウンロード中
2020-09-21 18:56:03,981 [Worker-51: ビルド] INFO  o.e.m.c.i.e.AbstractTransferListenerAdapter - Downloaded https://repo.maven.apache.org/maven2/org/thymeleaf/thymeleaf-spring5/3.0.11.RELEASE/thymeleaf-spring5-3.0.11.RELEASE.pom
2020-09-21 18:56:04,276 [Worker-51: ビルド] INFO  o.e.m.c.i.e.AbstractTransferListenerAdapter - https://repo.maven.apache.org/maven2/org/thymeleaf/thymeleaf/3.0.11.RELEASE/thymeleaf-3.0.11.RELEASE.pom のダウンロード中
2020-09-21 18:56:04,793 [Worker-51: ビルド] INFO  o.e.m.c.i.e.AbstractTransferListenerAdapter - Downloaded https://repo.maven.apache.org/maven2/org/thymeleaf/thymeleaf/3.0.11.RELEASE/thymeleaf-3.0.11.RELEASE.pom
2020-09-21 18:56:04,983 [Worker-51: ビルド] INFO  o.e.m.c.i.e.AbstractTransferListenerAdapter - https://repo.maven.apache.org/maven2/org/attoparser/attoparser/2.0.5.RELEASE/attoparser-2.0.5.RELEASE.pom のダウンロード中
2020-09-21 18:56:05,193 [Worker-51: ビルド] INFO  o.e.m.c.i.e.AbstractTransferListenerAdapter - Downloaded https://repo.maven.apache.org/maven2/org/attoparser/attoparser/2.0.5.RELEASE/attoparser-2.0.5.RELEASE.pom
2020-09-21 18:56:05,395 [Worker-51: ビルド] INFO  o.e.m.c.i.e.AbstractTransferListenerAdapter - https://repo.maven.apache.org/maven2/org/unbescape/unbescape/1.1.6.RELEASE/unbescape-1.1.6.RELEASE.pom のダウンロード中
2020-09-21 18:56:05,599 [Worker-51: ビルド] INFO  o.e.m.c.i.e.AbstractTransferListenerAdapter - Downloaded https://repo.maven.apache.org/maven2/org/unbescape/unbescape/1.1.6.RELEASE/unbescape-1.1.6.RELEASE.pom
2020-09-21 18:56:05,810 [AetherRepositoryConnector-repo.maven.apache.org-0-2] INFO  o.e.m.c.i.e.AbstractTransferListenerAdapter - https://repo.maven.apache.org/maven2/org/attoparser/attoparser/2.0.5.RELEASE/attoparser-2.0.5.RELEASE.jar のダウンロード中
2020-09-21 18:56:05,981 [AetherRepositoryConnector-repo.maven.apache.org-0-0] INFO  o.e.m.c.i.e.AbstractTransferListenerAdapter - https://repo.maven.apache.org/maven2/org/thymeleaf/thymeleaf-spring5/3.0.11.RELEASE/thymeleaf-spring5-3.0.11.RELEASE.jar のダウンロード中
2020-09-21 18:56:05,981 [AetherRepositoryConnector-repo.maven.apache.org-0-3] INFO  o.e.m.c.i.e.AbstractTransferListenerAdapter - https://repo.maven.apache.org/maven2/org/unbescape/unbescape/1.1.6.RELEASE/unbescape-1.1.6.RELEASE.jar のダウンロード中
2020-09-21 18:56:05,983 [AetherRepositoryConnector-repo.maven.apache.org-0-1] INFO  o.e.m.c.i.e.AbstractTransferListenerAdapter - https://repo.maven.apache.org/maven2/org/thymeleaf/thymeleaf/3.0.11.RELEASE/thymeleaf-3.0.11.RELEASE.jar のダウンロード中
2020-09-21 18:56:09,029 [AetherRepositoryConnector-repo.maven.apache.org-0-0] INFO  o.e.m.c.i.e.AbstractTransferListenerAdapter - Downloaded https://repo.maven.apache.org/maven2/org/thymeleaf/thymeleaf-spring5/3.0.11.RELEASE/thymeleaf-spring5-3.0.11.RELEASE.jar
2020-09-21 18:56:09,387 [AetherRepositoryConnector-repo.maven.apache.org-0-3] INFO  o.e.m.c.i.e.AbstractTransferListenerAdapter - Downloaded https://repo.maven.apache.org/maven2/org/unbescape/unbescape/1.1.6.RELEASE/unbescape-1.1.6.RELEASE.jar
2020-09-21 18:56:09,572 [AetherRepositoryConnector-repo.maven.apache.org-0-2] INFO  o.e.m.c.i.e.AbstractTransferListenerAdapter - Downloaded https://repo.maven.apache.org/maven2/org/attoparser/attoparser/2.0.5.RELEASE/attoparser-2.0.5.RELEASE.jar
2020-09-21 18:56:11,029 [AetherRepositoryConnector-repo.maven.apache.org-0-1] INFO  o.e.m.c.i.e.AbstractTransferListenerAdapter - Downloaded https://repo.maven.apache.org/maven2/org/thymeleaf/thymeleaf/3.0.11.RELEASE/thymeleaf-3.0.11.RELEASE.jar
2020-09-21 18:56:11,201 [Worker-51: ビルド] INFO  o.e.m.c.i.embedder.EclipseLogger - Using 'UTF-8' encoding to copy filtered resources.
2020-09-21 18:56:11,201 [Worker-51: ビルド] INFO  o.e.m.c.i.embedder.EclipseLogger - Copying 0 resource
2020-09-21 18:56:11,201 [Worker-51: ビルド] INFO  o.e.m.c.i.embedder.EclipseLogger - Copying 0 resource
2020-09-21 18:56:11,205 [Worker-51: ビルド] INFO  o.e.m.c.i.embedder.EclipseLogger - Using 'UTF-8' encoding to copy filtered resources.
2020-09-21 18:56:11,205 [Worker-51: ビルド] INFO  o.e.m.c.i.embedder.EclipseLogger - skip non existing resourceDirectory /Users/uedayuusuke/Documents/workspace-spring-tool-suite-4-4.8.0.RELEASE/NoDI/src/test/resources
2020-09-21 18:56:12,482 [Worker-49: ビルド] INFO  o.e.m.c.i.embedder.EclipseLogger - Using 'UTF-8' encoding to copy filtered resources.
2020-09-21 18:56:12,482 [Worker-49: ビルド] INFO  o.e.m.c.i.embedder.EclipseLogger - Copying 1 resource
2020-09-21 18:56:12,484 [Worker-49: ビルド] INFO  o.e.m.c.i.embedder.EclipseLogger - Copying 0 resource
2020-09-21 18:56:12,487 [Worker-49: ビルド] INFO  o.e.m.c.i.embedder.EclipseLogger - Using 'UTF-8' encoding to copy filtered resources.
2020-09-21 18:56:12,487 [Worker-49: ビルド] INFO  o.e.m.c.i.embedder.EclipseLogger - skip non existing resourceDirectory /Users/uedayuusuke/Documents/workspace-spring-tool-suite-4-4.8.0.RELEASE/NoDI/src/test/resources
2020-09-21 18:56:13,287 [Worker-52: ソースおよび Javadoc のダウンロード] INFO  o.e.m.c.i.e.AbstractTransferListenerAdapter - https://repo.maven.apache.org/maven2/org/thymeleaf/thymeleaf-spring5/3.0.11.RELEASE/thymeleaf-spring5-3.0.11.RELEASE-sources.jar のダウンロード中
2020-09-21 18:56:14,430 [Worker-52: ソースおよび Javadoc のダウンロード] INFO  o.e.m.c.i.e.AbstractTransferListenerAdapter - Downloaded https://repo.maven.apache.org/maven2/org/thymeleaf/thymeleaf-spring5/3.0.11.RELEASE/thymeleaf-spring5-3.0.11.RELEASE-sources.jar
2020-09-21 18:56:14,454 [Worker-52: ソースおよび Javadoc のダウンロード] INFO  o.e.m.j.internal.DownloadSourcesJob - Downloaded sources for org.thymeleaf:thymeleaf-spring5:3.0.11.RELEASE
2020-09-21 18:56:15,329 [Worker-52: ソースおよび Javadoc のダウンロード] INFO  o.e.m.c.i.e.AbstractTransferListenerAdapter - https://repo.maven.apache.org/maven2/org/thymeleaf/thymeleaf/3.0.11.RELEASE/thymeleaf-3.0.11.RELEASE-sources.jar のダウンロード中
2020-09-21 18:56:18,416 [Worker-52: ソースおよび Javadoc のダウンロード] INFO  o.e.m.c.i.e.AbstractTransferListenerAdapter - Downloaded https://repo.maven.apache.org/maven2/org/thymeleaf/thymeleaf/3.0.11.RELEASE/thymeleaf-3.0.11.RELEASE-sources.jar
2020-09-21 18:56:18,428 [Worker-52: ソースおよび Javadoc のダウンロード] INFO  o.e.m.j.internal.DownloadSourcesJob - Downloaded sources for org.thymeleaf:thymeleaf:3.0.11.RELEASE
2020-09-21 18:56:19,218 [Worker-52: ソースおよび Javadoc のダウンロード] INFO  o.e.m.c.i.e.AbstractTransferListenerAdapter - https://repo.maven.apache.org/maven2/org/attoparser/attoparser/2.0.5.RELEASE/attoparser-2.0.5.RELEASE-sources.jar のダウンロード中
2020-09-21 18:56:20,460 [Worker-52: ソースおよび Javadoc のダウンロード] INFO  o.e.m.c.i.e.AbstractTransferListenerAdapter - Downloaded https://repo.maven.apache.org/maven2/org/attoparser/attoparser/2.0.5.RELEASE/attoparser-2.0.5.RELEASE-sources.jar
2020-09-21 18:56:20,485 [Worker-52: ソースおよび Javadoc のダウンロード] INFO  o.e.m.j.internal.DownloadSourcesJob - Downloaded sources for org.attoparser:attoparser:2.0.5.RELEASE
2020-09-21 18:56:21,282 [Worker-52: ソースおよび Javadoc のダウンロード] INFO  o.e.m.c.i.e.AbstractTransferListenerAdapter - https://repo.maven.apache.org/maven2/org/unbescape/unbescape/1.1.6.RELEASE/unbescape-1.1.6.RELEASE-sources.jar のダウンロード中
2020-09-21 18:56:22,402 [Worker-52: ソースおよび Javadoc のダウンロード] INFO  o.e.m.c.i.e.AbstractTransferListenerAdapter - Downloaded https://repo.maven.apache.org/maven2/org/unbescape/unbescape/1.1.6.RELEASE/unbescape-1.1.6.RELEASE-sources.jar
2020-09-21 18:56:22,416 [Worker-52: ソースおよび Javadoc のダウンロード] INFO  o.e.m.j.internal.DownloadSourcesJob - Downloaded sources for org.unbescape:unbescape:1.1.6.RELEASE
2020-09-21 18:56:22,677 [Worker-49: ビルド] INFO  o.e.m.c.i.embedder.EclipseLogger - Using 'UTF-8' encoding to copy filtered resources.
2020-09-21 18:56:22,677 [Worker-49: ビルド] INFO  o.e.m.c.i.embedder.EclipseLogger - Copying 0 resource
2020-09-21 18:56:22,678 [Worker-49: ビルド] INFO  o.e.m.c.i.embedder.EclipseLogger - Copying 0 resource
2020-09-21 18:56:22,679 [Worker-49: ビルド] INFO  o.e.m.c.i.embedder.EclipseLogger - Using 'UTF-8' encoding to copy filtered resources.
2020-09-21 18:56:22,679 [Worker-49: ビルド] INFO  o.e.m.c.i.embedder.EclipseLogger - skip non existing resourceDirectory /Users/uedayuusuke/Documents/workspace-spring-tool-suite-4-4.8.0.RELEASE/NoDI/src/test/resources
2020-09-21 18:57:06,596 [Worker-53: ビルド] INFO  o.e.m.c.i.l.LifecycleMappingFactory - Using org.eclipse.m2e.jdt.JarLifecycleMapping lifecycle mapping for MavenProject: com.example:NoDI:0.0.1-SNAPSHOT @ /Users/uedayuusuke/Documents/workspace-spring-tool-suite-4-4.8.0.RELEASE/NoDI/pom.xml.
2020-09-21 18:57:06,753 [Worker-53: ビルド] INFO  o.e.m.c.i.embedder.EclipseLogger - Using 'UTF-8' encoding to copy filtered resources.
2020-09-21 18:57:06,753 [Worker-53: ビルド] INFO  o.e.m.c.i.embedder.EclipseLogger - Copying 0 resource
2020-09-21 18:57:06,753 [Worker-53: ビルド] INFO  o.e.m.c.i.embedder.EclipseLogger - Copying 0 resource
2020-09-21 18:57:06,755 [Worker-53: ビルド] INFO  o.e.m.c.i.embedder.EclipseLogger - Using 'UTF-8' encoding to copy filtered resources.
2020-09-21 18:57:06,755 [Worker-53: ビルド] INFO  o.e.m.c.i.embedder.EclipseLogger - skip non existing resourceDirectory /Users/uedayuusuke/Documents/workspace-spring-tool-suite-4-4.8.0.RELEASE/NoDI/src/test/resources
2020-09-21 19:00:57,964 [Worker-53: ビルド] INFO  o.e.m.c.i.embedder.EclipseLogger - Using 'UTF-8' encoding to copy filtered resources.
2020-09-21 19:00:57,965 [Worker-53: ビルド] INFO  o.e.m.c.i.embedder.EclipseLogger - Copying 0 resource
2020-09-21 19:00:57,965 [Worker-53: ビルド] INFO  o.e.m.c.i.embedder.EclipseLogger - Copying 2 resources
2020-09-21 19:00:57,968 [Worker-53: ビルド] INFO  o.e.m.c.i.embedder.EclipseLogger - Using 'UTF-8' encoding to copy filtered resources.
2020-09-21 19:00:57,968 [Worker-53: ビルド] INFO  o.e.m.c.i.embedder.EclipseLogger - skip non existing resourceDirectory /Users/uedayuusuke/Documents/workspace-spring-tool-suite-4-4.8.0.RELEASE/NoDI/src/test/resources
2020-09-21 19:04:13,467 [Worker-65: ビルド] INFO  o.e.m.c.i.embedder.EclipseLogger - Using 'UTF-8' encoding to copy filtered resources.
2020-09-21 19:04:13,467 [Worker-65: ビルド] INFO  o.e.m.c.i.embedder.EclipseLogger - Copying 0 resource
2020-09-21 19:04:13,467 [Worker-65: ビルド] INFO  o.e.m.c.i.embedder.EclipseLogger - Copying 1 resource
2020-09-21 19:04:13,470 [Worker-65: ビルド] INFO  o.e.m.c.i.embedder.EclipseLogger - Using 'UTF-8' encoding to copy filtered resources.
2020-09-21 19:04:13,470 [Worker-65: ビルド] INFO  o.e.m.c.i.embedder.EclipseLogger - skip non existing resourceDirectory /Users/uedayuusuke/Documents/workspace-spring-tool-suite-4-4.8.0.RELEASE/NoDI/src/test/resources
2020-09-21 19:04:14,890 [Worker-53: ビルド] INFO  o.e.m.c.i.embedder.EclipseLogger - Using 'UTF-8' encoding to copy filtered resources.
2020-09-21 19:04:14,891 [Worker-53: ビルド] INFO  o.e.m.c.i.embedder.EclipseLogger - Copying 0 resource
2020-09-21 19:04:14,891 [Worker-53: ビルド] INFO  o.e.m.c.i.embedder.EclipseLogger - Copying 1 resource
2020-09-21 19:04:14,894 [Worker-53: ビルド] INFO  o.e.m.c.i.embedder.EclipseLogger - Using 'UTF-8' encoding to copy filtered resources.
2020-09-21 19:04:14,894 [Worker-53: ビルド] INFO  o.e.m.c.i.embedder.EclipseLogger - skip non existing resourceDirectory /Users/uedayuusuke/Documents/workspace-spring-tool-suite-4-4.8.0.RELEASE/NoDI/src/test/resources
2020-09-21 19:05:18,344 [Worker-62: ビルド] INFO  o.e.m.c.i.embedder.EclipseLogger - Using 'UTF-8' encoding to copy filtered resources.
2020-09-21 19:05:18,345 [Worker-62: ビルド] INFO  o.e.m.c.i.embedder.EclipseLogger - Copying 0 resource
2020-09-21 19:05:18,345 [Worker-62: ビルド] INFO  o.e.m.c.i.embedder.EclipseLogger - Copying 1 resource
2020-09-21 19:05:18,348 [Worker-62: ビルド] INFO  o.e.m.c.i.embedder.EclipseLogger - Using 'UTF-8' encoding to copy filtered resources.
2020-09-21 19:05:18,348 [Worker-62: ビルド] INFO  o.e.m.c.i.embedder.EclipseLogger - skip non existing resourceDirectory /Users/uedayuusuke/Documents/workspace-spring-tool-suite-4-4.8.0.RELEASE/NoDI/src/test/resources
2020-09-21 19:05:24,261 [Worker-62: ビルド] INFO  o.e.m.c.i.embedder.EclipseLogger - Using 'UTF-8' encoding to copy filtered resources.
2020-09-21 19:05:24,262 [Worker-62: ビルド] INFO  o.e.m.c.i.embedder.EclipseLogger - Copying 0 resource
2020-09-21 19:05:24,262 [Worker-62: ビルド] INFO  o.e.m.c.i.embedder.EclipseLogger - Copying 1 resource
2020-09-21 19:05:24,264 [Worker-62: ビルド] INFO  o.e.m.c.i.embedder.EclipseLogger - Using 'UTF-8' encoding to copy filtered resources.
2020-09-21 19:05:24,264 [Worker-62: ビルド] INFO  o.e.m.c.i.embedder.EclipseLogger - skip non existing resourceDirectory /Users/uedayuusuke/Documents/workspace-spring-tool-suite-4-4.8.0.RELEASE/NoDI/src/test/resources
2020-09-21 19:06:14,029 [Worker-65: ビルド] INFO  o.e.m.c.i.embedder.EclipseLogger - Using 'UTF-8' encoding to copy filtered resources.
2020-09-21 19:06:14,029 [Worker-65: ビルド] INFO  o.e.m.c.i.embedder.EclipseLogger - Copying 0 resource
2020-09-21 19:06:14,029 [Worker-65: ビルド] INFO  o.e.m.c.i.embedder.EclipseLogger - Copying 1 resource
2020-09-21 19:06:14,032 [Worker-65: ビルド] INFO  o.e.m.c.i.embedder.EclipseLogger - Using 'UTF-8' encoding to copy filtered resources.
2020-09-21 19:06:14,032 [Worker-65: ビルド] INFO  o.e.m.c.i.embedder.EclipseLogger - skip non existing resourceDirectory /Users/uedayuusuke/Documents/workspace-spring-tool-suite-4-4.8.0.RELEASE/NoDI/src/test/resources
2020-09-21 19:07:07,175 [Worker-53: ビルド] INFO  o.e.m.c.i.embedder.EclipseLogger - Using 'UTF-8' encoding to copy filtered resources.
2020-09-21 19:07:07,175 [Worker-53: ビルド] INFO  o.e.m.c.i.embedder.EclipseLogger - Copying 0 resource
2020-09-21 19:07:07,176 [Worker-53: ビルド] INFO  o.e.m.c.i.embedder.EclipseLogger - Copying 1 resource
2020-09-21 19:07:07,179 [Worker-53: ビルド] INFO  o.e.m.c.i.embedder.EclipseLogger - Using 'UTF-8' encoding to copy filtered resources.
2020-09-21 19:07:07,179 [Worker-53: ビルド] INFO  o.e.m.c.i.embedder.EclipseLogger - skip non existing resourceDirectory /Users/uedayuusuke/Documents/workspace-spring-tool-suite-4-4.8.0.RELEASE/NoDI/src/test/resources
2020-09-21 19:08:00,197 [Worker-66: ビルド] INFO  o.e.m.c.i.embedder.EclipseLogger - Using 'UTF-8' encoding to copy filtered resources.
2020-09-21 19:08:00,197 [Worker-66: ビルド] INFO  o.e.m.c.i.embedder.EclipseLogger - Copying 0 resource
2020-09-21 19:08:00,198 [Worker-66: ビルド] INFO  o.e.m.c.i.embedder.EclipseLogger - Copying 1 resource
2020-09-21 19:08:00,200 [Worker-66: ビルド] INFO  o.e.m.c.i.embedder.EclipseLogger - Using 'UTF-8' encoding to copy filtered resources.
2020-09-21 19:08:00,200 [Worker-66: ビルド] INFO  o.e.m.c.i.embedder.EclipseLogger - skip non existing resourceDirectory /Users/uedayuusuke/Documents/workspace-spring-tool-suite-4-4.8.0.RELEASE/NoDI/src/test/resources
2020-09-21 19:08:13,133 [Worker-64: ビルド] INFO  o.e.m.c.i.embedder.EclipseLogger - Using 'UTF-8' encoding to copy filtered resources.
2020-09-21 19:08:13,134 [Worker-64: ビルド] INFO  o.e.m.c.i.embedder.EclipseLogger - Copying 0 resource
2020-09-21 19:08:13,134 [Worker-64: ビルド] INFO  o.e.m.c.i.embedder.EclipseLogger - Copying 1 resource
2020-09-21 19:08:13,138 [Worker-64: ビルド] INFO  o.e.m.c.i.embedder.EclipseLogger - Using 'UTF-8' encoding to copy filtered resources.
2020-09-21 19:08:13,138 [Worker-64: ビルド] INFO  o.e.m.c.i.embedder.EclipseLogger - skip non existing resourceDirectory /Users/uedayuusuke/Documents/workspace-spring-tool-suite-4-4.8.0.RELEASE/NoDI/src/test/resources
2020-09-21 19:11:46,669 [Worker-62: ビルド] INFO  o.e.m.c.i.embedder.EclipseLogger - Using 'UTF-8' encoding to copy filtered resources.
2020-09-21 19:11:46,669 [Worker-62: ビルド] INFO  o.e.m.c.i.embedder.EclipseLogger - Copying 1 resource
2020-09-21 19:11:46,670 [Worker-62: ビルド] INFO  o.e.m.c.i.embedder.EclipseLogger - Copying 2 resources
2020-09-21 19:11:46,672 [Worker-62: ビルド] INFO  o.e.m.c.i.embedder.EclipseLogger - Using 'UTF-8' encoding to copy filtered resources.
2020-09-21 19:11:46,672 [Worker-62: ビルド] INFO  o.e.m.c.i.embedder.EclipseLogger - skip non existing resourceDirectory /Users/uedayuusuke/Documents/workspace-spring-tool-suite-4-4.8.0.RELEASE/NoDI/src/test/resources
2020-09-21 19:12:15,939 [Worker-67: ビルド] INFO  o.e.m.c.i.embedder.EclipseLogger - Using 'UTF-8' encoding to copy filtered resources.
2020-09-21 19:12:15,939 [Worker-67: ビルド] INFO  o.e.m.c.i.embedder.EclipseLogger - Copying 0 resource
2020-09-21 19:12:15,940 [Worker-67: ビルド] INFO  o.e.m.c.i.embedder.EclipseLogger - Copying 1 resource
2020-09-21 19:12:15,942 [Worker-67: ビルド] INFO  o.e.m.c.i.embedder.EclipseLogger - Using 'UTF-8' encoding to copy filtered resources.
2020-09-21 19:12:15,942 [Worker-67: ビルド] INFO  o.e.m.c.i.embedder.EclipseLogger - skip non existing resourceDirectory /Users/uedayuusuke/Documents/workspace-spring-tool-suite-4-4.8.0.RELEASE/NoDI/src/test/resources
2020-09-21 19:12:25,217 [Worker-62: ビルド] INFO  o.e.m.c.i.embedder.EclipseLogger - Using 'UTF-8' encoding to copy filtered resources.
2020-09-21 19:12:25,218 [Worker-62: ビルド] INFO  o.e.m.c.i.embedder.EclipseLogger - Copying 1 resource
2020-09-21 19:12:25,218 [Worker-62: ビルド] INFO  o.e.m.c.i.embedder.EclipseLogger - Copying 2 resources
2020-09-21 19:12:25,220 [Worker-62: ビルド] INFO  o.e.m.c.i.embedder.EclipseLogger - Using 'UTF-8' encoding to copy filtered resources.
2020-09-21 19:12:25,220 [Worker-62: ビルド] INFO  o.e.m.c.i.embedder.EclipseLogger - skip non existing resourceDirectory /Users/uedayuusuke/Documents/workspace-spring-tool-suite-4-4.8.0.RELEASE/NoDI/src/test/resources
2020-09-21 19:13:28,287 [Worker-62: ビルド] INFO  o.e.m.c.i.embedder.EclipseLogger - Using 'UTF-8' encoding to copy filtered resources.
2020-09-21 19:13:28,287 [Worker-62: ビルド] INFO  o.e.m.c.i.embedder.EclipseLogger - Copying 1 resource
2020-09-21 19:13:28,288 [Worker-62: ビルド] INFO  o.e.m.c.i.embedder.EclipseLogger - Copying 2 resources
2020-09-21 19:13:28,289 [Worker-62: ビルド] INFO  o.e.m.c.i.embedder.EclipseLogger - Using 'UTF-8' encoding to copy filtered resources.
2020-09-21 19:13:28,289 [Worker-62: ビルド] INFO  o.e.m.c.i.embedder.EclipseLogger - skip non existing resourceDirectory /Users/uedayuusuke/Documents/workspace-spring-tool-suite-4-4.8.0.RELEASE/NoDI/src/test/resources
2020-09-21 19:14:26,971 [Worker-62: ビルド] INFO  o.e.m.c.i.embedder.EclipseLogger - Using 'UTF-8' encoding to copy filtered resources.
2020-09-21 19:14:26,971 [Worker-62: ビルド] INFO  o.e.m.c.i.embedder.EclipseLogger - Copying 1 resource
2020-09-21 19:14:26,972 [Worker-62: ビルド] INFO  o.e.m.c.i.embedder.EclipseLogger - Copying 2 resources
2020-09-21 19:14:26,975 [Worker-62: ビルド] INFO  o.e.m.c.i.embedder.EclipseLogger - Using 'UTF-8' encoding to copy filtered resources.
2020-09-21 19:14:26,976 [Worker-62: ビルド] INFO  o.e.m.c.i.embedder.EclipseLogger - skip non existing resourceDirectory /Users/uedayuusuke/Documents/workspace-spring-tool-suite-4-4.8.0.RELEASE/NoDI/src/test/resources
2020-09-21 19:15:33,521 [Worker-70: ビルド] INFO  o.e.m.c.i.embedder.EclipseLogger - Using 'UTF-8' encoding to copy filtered resources.
2020-09-21 19:15:33,522 [Worker-70: ビルド] INFO  o.e.m.c.i.embedder.EclipseLogger - Copying 1 resource
2020-09-21 19:15:33,522 [Worker-70: ビルド] INFO  o.e.m.c.i.embedder.EclipseLogger - Copying 2 resources
2020-09-21 19:15:33,524 [Worker-70: ビルド] INFO  o.e.m.c.i.embedder.EclipseLogger - Using 'UTF-8' encoding to copy filtered resources.
2020-09-21 19:15:33,524 [Worker-70: ビルド] INFO  o.e.m.c.i.embedder.EclipseLogger - skip non existing resourceDirectory /Users/uedayuusuke/Documents/workspace-spring-tool-suite-4-4.8.0.RELEASE/NoDI/src/test/resources
2020-09-21 19:19:45,599 [Worker-75: ビルド] INFO  o.e.m.c.i.embedder.EclipseLogger - Using 'UTF-8' encoding to copy filtered resources.
2020-09-21 19:19:45,599 [Worker-75: ビルド] INFO  o.e.m.c.i.embedder.EclipseLogger - Copying 0 resource
2020-09-21 19:19:45,599 [Worker-75: ビルド] INFO  o.e.m.c.i.embedder.EclipseLogger - Copying 1 resource
2020-09-21 19:19:45,602 [Worker-75: ビルド] INFO  o.e.m.c.i.embedder.EclipseLogger - Using 'UTF-8' encoding to copy filtered resources.
2020-09-21 19:19:45,602 [Worker-75: ビルド] INFO  o.e.m.c.i.embedder.EclipseLogger - skip non existing resourceDirectory /Users/uedayuusuke/Documents/workspace-spring-tool-suite-4-4.8.0.RELEASE/NoDI/src/test/resources
2020-09-21 19:20:45,641 [Worker-74: ビルド] INFO  o.e.m.c.i.embedder.EclipseLogger - Using 'UTF-8' encoding to copy filtered resources.
2020-09-21 19:20:45,641 [Worker-74: ビルド] INFO  o.e.m.c.i.embedder.EclipseLogger - Copying 0 resource
2020-09-21 19:20:45,641 [Worker-74: ビルド] INFO  o.e.m.c.i.embedder.EclipseLogger - Copying 1 resource
2020-09-21 19:20:45,643 [Worker-74: ビルド] INFO  o.e.m.c.i.embedder.EclipseLogger - Using 'UTF-8' encoding to copy filtered resources.
2020-09-21 19:20:45,643 [Worker-74: ビルド] INFO  o.e.m.c.i.embedder.EclipseLogger - skip non existing resourceDirectory /Users/uedayuusuke/Documents/workspace-spring-tool-suite-4-4.8.0.RELEASE/NoDI/src/test/resources
2020-09-21 19:23:00,242 [Worker-77: ビルド] INFO  o.e.m.c.i.embedder.EclipseLogger - Using 'UTF-8' encoding to copy filtered resources.
2020-09-21 19:23:00,242 [Worker-77: ビルド] INFO  o.e.m.c.i.embedder.EclipseLogger - Copying 0 resource
2020-09-21 19:23:00,243 [Worker-77: ビルド] INFO  o.e.m.c.i.embedder.EclipseLogger - Copying 1 resource
2020-09-21 19:23:00,244 [Worker-77: ビルド] INFO  o.e.m.c.i.embedder.EclipseLogger - Using 'UTF-8' encoding to copy filtered resources.
2020-09-21 19:23:00,244 [Worker-77: ビルド] INFO  o.e.m.c.i.embedder.EclipseLogger - skip non existing resourceDirectory /Users/uedayuusuke/Documents/workspace-spring-tool-suite-4-4.8.0.RELEASE/NoDI/src/test/resources
2020-09-21 19:23:31,526 [Worker-77: ビルド] INFO  o.e.m.c.i.embedder.EclipseLogger - Using 'UTF-8' encoding to copy filtered resources.
2020-09-21 19:23:31,527 [Worker-77: ビルド] INFO  o.e.m.c.i.embedder.EclipseLogger - Copying 0 resource
2020-09-21 19:23:31,527 [Worker-77: ビルド] INFO  o.e.m.c.i.embedder.EclipseLogger - Copying 1 resource
2020-09-21 19:23:31,529 [Worker-77: ビルド] INFO  o.e.m.c.i.embedder.EclipseLogger - Using 'UTF-8' encoding to copy filtered resources.
2020-09-21 19:23:31,529 [Worker-77: ビルド] INFO  o.e.m.c.i.embedder.EclipseLogger - skip non existing resourceDirectory /Users/uedayuusuke/Documents/workspace-spring-tool-suite-4-4.8.0.RELEASE/NoDI/src/test/resources
2020-09-21 19:32:57,668 [Worker-88: ビルド] INFO  o.e.m.c.i.embedder.EclipseLogger - Using 'UTF-8' encoding to copy filtered resources.
2020-09-21 19:32:57,669 [Worker-88: ビルド] INFO  o.e.m.c.i.embedder.EclipseLogger - Copying 0 resource
2020-09-21 19:32:57,669 [Worker-88: ビルド] INFO  o.e.m.c.i.embedder.EclipseLogger - Copying 1 resource
2020-09-21 19:32:57,671 [Worker-88: ビルド] INFO  o.e.m.c.i.embedder.EclipseLogger - Using 'UTF-8' encoding to copy filtered resources.
2020-09-21 19:32:57,671 [Worker-88: ビルド] INFO  o.e.m.c.i.embedder.EclipseLogger - skip non existing resourceDirectory /Users/uedayuusuke/Documents/workspace-spring-tool-suite-4-4.8.0.RELEASE/NoDI/src/test/resources
2020-09-21 19:33:59,518 [Worker-88: ビルド] INFO  o.e.m.c.i.embedder.EclipseLogger - Using 'UTF-8' encoding to copy filtered resources.
2020-09-21 19:33:59,518 [Worker-88: ビルド] INFO  o.e.m.c.i.embedder.EclipseLogger - Copying 0 resource
2020-09-21 19:33:59,519 [Worker-88: ビルド] INFO  o.e.m.c.i.embedder.EclipseLogger - Copying 1 resource
2020-09-21 19:33:59,520 [Worker-88: ビルド] INFO  o.e.m.c.i.embedder.EclipseLogger - Using 'UTF-8' encoding to copy filtered resources.
2020-09-21 19:33:59,520 [Worker-88: ビルド] INFO  o.e.m.c.i.embedder.EclipseLogger - skip non existing resourceDirectory /Users/uedayuusuke/Documents/workspace-spring-tool-suite-4-4.8.0.RELEASE/NoDI/src/test/resources
2020-09-21 19:37:09,221 [Worker-87: ビルド] INFO  o.e.m.c.i.embedder.EclipseLogger - Using 'UTF-8' encoding to copy filtered resources.
2020-09-21 19:37:09,221 [Worker-87: ビルド] INFO  o.e.m.c.i.embedder.EclipseLogger - Copying 0 resource
2020-09-21 19:37:09,221 [Worker-87: ビルド] INFO  o.e.m.c.i.embedder.EclipseLogger - Copying 1 resource
2020-09-21 19:37:09,223 [Worker-87: ビルド] INFO  o.e.m.c.i.embedder.EclipseLogger - Using 'UTF-8' encoding to copy filtered resources.
2020-09-21 19:37:09,223 [Worker-87: ビルド] INFO  o.e.m.c.i.embedder.EclipseLogger - skip non existing resourceDirectory /Users/uedayuusuke/Documents/workspace-spring-tool-suite-4-4.8.0.RELEASE/NoDI/src/test/resources
2020-09-21 19:39:07,790 [Worker-91: ビルド] INFO  o.e.m.c.i.embedder.EclipseLogger - Using 'UTF-8' encoding to copy filtered resources.
2020-09-21 19:39:07,790 [Worker-91: ビルド] INFO  o.e.m.c.i.embedder.EclipseLogger - Copying 0 resource
2020-09-21 19:39:07,790 [Worker-91: ビルド] INFO  o.e.m.c.i.embedder.EclipseLogger - Copying 1 resource
2020-09-21 19:39:07,793 [Worker-91: ビルド] INFO  o.e.m.c.i.embedder.EclipseLogger - Using 'UTF-8' encoding to copy filtered resources.
2020-09-21 19:39:07,793 [Worker-91: ビルド] INFO  o.e.m.c.i.embedder.EclipseLogger - skip non existing resourceDirectory /Users/uedayuusuke/Documents/workspace-spring-tool-suite-4-4.8.0.RELEASE/NoDI/src/test/resources
2020-09-21 19:39:57,546 [Worker-88: ビルド] INFO  o.e.m.c.i.embedder.EclipseLogger - Using 'UTF-8' encoding to copy filtered resources.
2020-09-21 19:39:57,547 [Worker-88: ビルド] INFO  o.e.m.c.i.embedder.EclipseLogger - Copying 0 resource
2020-09-21 19:39:57,547 [Worker-88: ビルド] INFO  o.e.m.c.i.embedder.EclipseLogger - Copying 1 resource
2020-09-21 19:39:57,549 [Worker-88: ビルド] INFO  o.e.m.c.i.embedder.EclipseLogger - Using 'UTF-8' encoding to copy filtered resources.
2020-09-21 19:39:57,549 [Worker-88: ビルド] INFO  o.e.m.c.i.embedder.EclipseLogger - skip non existing resourceDirectory /Users/uedayuusuke/Documents/workspace-spring-tool-suite-4-4.8.0.RELEASE/NoDI/src/test/resources
2020-09-22 18:23:23,917 [Worker-112: ビルド] INFO  o.e.m.c.i.embedder.EclipseLogger - Using 'UTF-8' encoding to copy filtered resources.
2020-09-22 18:23:23,917 [Worker-112: ビルド] INFO  o.e.m.c.i.embedder.EclipseLogger - Copying 1 resource
2020-09-22 18:23:23,918 [Worker-112: ビルド] INFO  o.e.m.c.i.embedder.EclipseLogger - Copying 2 resources
2020-09-22 18:23:23,919 [Worker-112: ビルド] INFO  o.e.m.c.i.embedder.EclipseLogger - Using 'UTF-8' encoding to copy filtered resources.
2020-09-22 18:23:23,920 [Worker-112: ビルド] INFO  o.e.m.c.i.embedder.EclipseLogger - skip non existing resourceDirectory /Users/uedayuusuke/Documents/workspace-spring-tool-suite-4-4.8.0.RELEASE/NoDI/src/test/resources
2020-09-22 18:23:49,714 [Worker-107: ビルド] INFO  o.e.m.c.i.embedder.EclipseLogger - Using 'UTF-8' encoding to copy filtered resources.
2020-09-22 18:23:49,714 [Worker-107: ビルド] INFO  o.e.m.c.i.embedder.EclipseLogger - Copying 1 resource
2020-09-22 18:23:49,715 [Worker-107: ビルド] INFO  o.e.m.c.i.embedder.EclipseLogger - Copying 2 resources
2020-09-22 18:23:49,716 [Worker-107: ビルド] INFO  o.e.m.c.i.embedder.EclipseLogger - Using 'UTF-8' encoding to copy filtered resources.
2020-09-22 18:23:49,716 [Worker-107: ビルド] INFO  o.e.m.c.i.embedder.EclipseLogger - skip non existing resourceDirectory /Users/uedayuusuke/Documents/workspace-spring-tool-suite-4-4.8.0.RELEASE/NoDI/src/test/resources
2020-09-22 18:32:54,064 [Worker-116: ビルド] INFO  o.e.m.c.i.embedder.EclipseLogger - Using 'UTF-8' encoding to copy filtered resources.
2020-09-22 18:32:54,064 [Worker-116: ビルド] INFO  o.e.m.c.i.embedder.EclipseLogger - Copying 1 resource
2020-09-22 18:32:54,065 [Worker-116: ビルド] INFO  o.e.m.c.i.embedder.EclipseLogger - Copying 2 resources
2020-09-22 18:32:54,067 [Worker-116: ビルド] INFO  o.e.m.c.i.embedder.EclipseLogger - Using 'UTF-8' encoding to copy filtered resources.
2020-09-22 18:32:54,067 [Worker-116: ビルド] INFO  o.e.m.c.i.embedder.EclipseLogger - skip non existing resourceDirectory /Users/uedayuusuke/Documents/workspace-spring-tool-suite-4-4.8.0.RELEASE/NoDI/src/test/resources
2020-09-22 18:33:24,381 [Worker-113: ビルド] INFO  o.e.m.c.i.embedder.EclipseLogger - Using 'UTF-8' encoding to copy filtered resources.
2020-09-22 18:33:24,382 [Worker-113: ビルド] INFO  o.e.m.c.i.embedder.EclipseLogger - Copying 1 resource
2020-09-22 18:33:24,383 [Worker-113: ビルド] INFO  o.e.m.c.i.embedder.EclipseLogger - Copying 2 resources
2020-09-22 18:33:24,384 [Worker-113: ビルド] INFO  o.e.m.c.i.embedder.EclipseLogger - Using 'UTF-8' encoding to copy filtered resources.
2020-09-22 18:33:24,385 [Worker-113: ビルド] INFO  o.e.m.c.i.embedder.EclipseLogger - skip non existing resourceDirectory /Users/uedayuusuke/Documents/workspace-spring-tool-suite-4-4.8.0.RELEASE/NoDI/src/test/resources
2020-09-22 18:33:38,122 [Worker-119: ビルド] INFO  o.e.m.c.i.embedder.EclipseLogger - Using 'UTF-8' encoding to copy filtered resources.
2020-09-22 18:33:38,123 [Worker-119: ビルド] INFO  o.e.m.c.i.embedder.EclipseLogger - Copying 1 resource
2020-09-22 18:33:38,124 [Worker-119: ビルド] INFO  o.e.m.c.i.embedder.EclipseLogger - Copying 2 resources
2020-09-22 18:33:38,125 [Worker-119: ビルド] INFO  o.e.m.c.i.embedder.EclipseLogger - Using 'UTF-8' encoding to copy filtered resources.
2020-09-22 18:33:38,125 [Worker-119: ビルド] INFO  o.e.m.c.i.embedder.EclipseLogger - skip non existing resourceDirectory /Users/uedayuusuke/Documents/workspace-spring-tool-suite-4-4.8.0.RELEASE/NoDI/src/test/resources
2020-09-22 18:33:40,164 [Worker-118: ビルド] INFO  o.e.m.c.i.embedder.EclipseLogger - Using 'UTF-8' encoding to copy filtered resources.
2020-09-22 18:33:40,164 [Worker-118: ビルド] INFO  o.e.m.c.i.embedder.EclipseLogger - Copying 1 resource
2020-09-22 18:33:40,165 [Worker-118: ビルド] INFO  o.e.m.c.i.embedder.EclipseLogger - Copying 2 resources
2020-09-22 18:33:40,167 [Worker-118: ビルド] INFO  o.e.m.c.i.embedder.EclipseLogger - Using 'UTF-8' encoding to copy filtered resources.
2020-09-22 18:33:40,167 [Worker-118: ビルド] INFO  o.e.m.c.i.embedder.EclipseLogger - skip non existing resourceDirectory /Users/uedayuusuke/Documents/workspace-spring-tool-suite-4-4.8.0.RELEASE/NoDI/src/test/resources
2020-09-22 18:33:41,195 [Worker-113: ビルド] INFO  o.e.m.c.i.embedder.EclipseLogger - Using 'UTF-8' encoding to copy filtered resources.
2020-09-22 18:33:41,196 [Worker-113: ビルド] INFO  o.e.m.c.i.embedder.EclipseLogger - Copying 1 resource
2020-09-22 18:33:41,197 [Worker-113: ビルド] INFO  o.e.m.c.i.embedder.EclipseLogger - Copying 2 resources
2020-09-22 18:33:41,198 [Worker-113: ビルド] INFO  o.e.m.c.i.embedder.EclipseLogger - Using 'UTF-8' encoding to copy filtered resources.
2020-09-22 18:33:41,198 [Worker-113: ビルド] INFO  o.e.m.c.i.embedder.EclipseLogger - skip non existing resourceDirectory /Users/uedayuusuke/Documents/workspace-spring-tool-suite-4-4.8.0.RELEASE/NoDI/src/test/resources
2020-09-22 18:34:58,058 [Worker-116: ビルド] INFO  o.e.m.c.i.embedder.EclipseLogger - Using 'UTF-8' encoding to copy filtered resources.
2020-09-22 18:34:58,059 [Worker-116: ビルド] INFO  o.e.m.c.i.embedder.EclipseLogger - Copying 1 resource
2020-09-22 18:34:58,059 [Worker-116: ビルド] INFO  o.e.m.c.i.embedder.EclipseLogger - Copying 2 resources
2020-09-22 18:34:58,065 [Worker-116: ビルド] INFO  o.e.m.c.i.embedder.EclipseLogger - Using 'UTF-8' encoding to copy filtered resources.
2020-09-22 18:34:58,066 [Worker-116: ビルド] INFO  o.e.m.c.i.embedder.EclipseLogger - skip non existing resourceDirectory /Users/uedayuusuke/Documents/workspace-spring-tool-suite-4-4.8.0.RELEASE/NoDI/src/test/resources
